<?xml version="1.0" encoding="UTF-8"?>
<!-- Generated by org.testng.reporters.JUnitReportReporter -->
<testsuite hostname="Kameshwaran" failures="0" tests="1" name="SeleniumProject.SeleniumProject.OrangeHRMLogin" time="10.027" errors="0" timestamp="2021-04-29T22:36:53 IST" skipped="0">
  <testcase classname="SeleniumProject.SeleniumProject.OrangeHRMLogin" name="Login" time="10.027"/>
  <system-out/>
</testsuite> <!-- SeleniumProject.SeleniumProject.OrangeHRMLogin -->
