<?xml version="1.0" encoding="UTF-8"?>
<!-- Generated by org.testng.reporters.JUnitReportReporter -->
<testsuite hostname="Kameshwaran" failures="0" tests="5" name="testNG.DataProvider1" time="37.955" errors="0" timestamp="2021-05-01T12:17:14 IST" skipped="0">
  <testcase classname="testNG.DataProvider1" name="OrangeHRMLogin" time="6.591"/>
  <system-out/>
  <testcase classname="testNG.DataProvider1" name="OrangeHRMLogin" time="8.183"/>
  <system-out/>
  <testcase classname="testNG.DataProvider1" name="OrangeHRMLogin" time="7.378"/>
  <system-out/>
  <testcase classname="testNG.DataProvider1" name="OrangeHRMLogin" time="7.481"/>
  <system-out/>
  <testcase classname="testNG.DataProvider1" name="OrangeHRMLogin" time="8.322"/>
  <system-out/>
</testsuite> <!-- testNG.DataProvider1 -->
