<?xml version="1.0" encoding="UTF-8"?>
<!-- Generated by org.testng.reporters.JUnitReportReporter -->
<testsuite hostname="Kameshwaran" failures="0" tests="3" name="testNG.NewTest" time="0.030" errors="0" timestamp="2021-05-10T01:13:04 IST" skipped="0">
  <testcase classname="testNG.NewTest" name="Testcase1" time="0.018"/>
  <system-out/>
  <testcase classname="testNG.NewTest" name="Testcase3" time="0.005"/>
  <system-out/>
  <testcase classname="testNG.NewTest" name="Testcase2" time="0.007"/>
  <system-out/>
</testsuite> <!-- testNG.NewTest -->
