<?xml version="1.0" encoding="UTF-8"?>
<!-- Generated by org.testng.reporters.JUnitReportReporter -->
<testsuite hostname="Kameshwaran" failures="0" tests="2" name="SeleniumProject.SeleniumProject.OrangeHRMLogin" time="29.927" errors="0" timestamp="2021-04-30T21:34:54 IST" skipped="0">
  <testcase classname="SeleniumProject.SeleniumProject.OrangeHRMLogin" name="Login" time="16.477"/>
  <system-out/>
  <testcase classname="SeleniumProject.SeleniumProject.OrangeHRMLogin" name="AdminTab" time="13.450"/>
  <system-out/>
</testsuite> <!-- SeleniumProject.SeleniumProject.OrangeHRMLogin -->
