<?xml version="1.0" encoding="UTF-8"?>
<!-- Generated by org.testng.reporters.JUnitReportReporter -->
<testsuite hostname="Kameshwaran" failures="0" tests="3" name="testNG.ParallelExecution" time="0.015" errors="0" timestamp="2021-04-30T18:50:35 IST" skipped="0">
  <testcase classname="testNG.ParallelExecution" name="Testcase1" time="0.011"/>
  <system-out/>
  <testcase classname="testNG.ParallelExecution" name="Testcase2" time="0.002"/>
  <system-out/>
  <testcase classname="testNG.ParallelExecution" name="Testcase3" time="0.002"/>
  <system-out/>
</testsuite> <!-- testNG.ParallelExecution -->
