<?xml version="1.0" encoding="UTF-8"?>
<!-- Generated by org.testng.reporters.JUnitReportReporter -->
<testsuite hostname="Kameshwaran" failures="0" tests="2" name="testNG.Grouping" time="0.009" errors="0" timestamp="2021-04-30T21:48:55 IST" skipped="0">
  <testcase classname="testNG.Grouping" name="Testcase1" time="0.008"/>
  <system-out/>
  <testcase classname="testNG.Grouping" name="Testcase3" time="0.001"/>
  <system-out/>
</testsuite> <!-- testNG.Grouping -->
