<?xml version="1.0" encoding="UTF-8"?>
<!-- Generated by org.testng.reporters.JUnitReportReporter -->
<testsuite hostname="Kameshwaran" failures="0" tests="3" name="testNG.PriorityTestCase" time="0.034" errors="0" timestamp="2021-04-29T22:15:11 IST" skipped="0">
  <testcase classname="testNG.PriorityTestCase" name="Testcase2" time="0.026"/>
  <system-out/>
  <testcase classname="testNG.PriorityTestCase" name="Testcase3" time="0.006"/>
  <system-out/>
  <testcase classname="testNG.PriorityTestCase" name="Testcase1" time="0.002"/>
  <system-out/>
</testsuite> <!-- testNG.PriorityTestCase -->
