<?xml version="1.0" encoding="UTF-8"?>
<!-- Generated by org.testng.reporters.JUnitReportReporter -->
<testsuite hostname="Kameshwaran" failures="0" tests="3" name="testNG.NewTest" time="0.056" errors="0" timestamp="2021-04-29T21:57:49 IST" skipped="0">
  <testcase classname="testNG.NewTest" name="Testcase2" time="0.015"/>
  <system-out/>
  <testcase classname="testNG.NewTest" name="Testcase3" time="0.012"/>
  <system-out/>
  <testcase classname="testNG.NewTest" name="Testcase1" time="0.029"/>
  <system-out/>
</testsuite> <!-- testNG.NewTest -->
