<?xml version="1.0" encoding="UTF-8"?>
<!-- Generated by org.testng.reporters.JUnitReportReporter -->
<testsuite hostname="Kameshwaran" failures="0" tests="3" name="testNG.ParallelExecution1" time="0.035" errors="0" timestamp="2021-04-29T22:09:25 IST" skipped="0">
  <testcase classname="testNG.ParallelExecution1" name="Testcase4" time="0.018"/>
  <system-out/>
  <testcase classname="testNG.ParallelExecution1" name="Testcase6" time="0.001"/>
  <system-out/>
  <testcase classname="testNG.ParallelExecution1" name="Testcase5" time="0.016"/>
  <system-out/>
</testsuite> <!-- testNG.ParallelExecution1 -->
